<?xml version="1.0" encoding="UTF-8"?>
<testsuite xmlns:xsi="http://www.w3.org/2001/XMLSchema-instance" xsi:noNamespaceSchemaLocation="https://maven.apache.org/surefire/maven-surefire-plugin/xsd/surefire-test-report-3.0.xsd" version="3.0" name="flightapp.FlightServiceTest" time="111.903" tests="41" errors="0" skipped="0" failures="0">
  <properties>
    <property name="java.specification.version" value="22"/>
    <property name="test.cases" value="cases/"/>
    <property name="sun.jnu.encoding" value="UTF-8"/>
    <property name="java.class.path" value="/Users/johnt/.m2/repository/org/apache/maven/surefire/surefire-booter/3.0.0-M5/surefire-booter-3.0.0-M5.jar:/Users/johnt/.m2/repository/org/apache/maven/surefire/surefire-api/3.0.0-M5/surefire-api-3.0.0-M5.jar:/Users/johnt/.m2/repository/org/apache/maven/surefire/surefire-logger-api/3.0.0-M5/surefire-logger-api-3.0.0-M5.jar:/Users/johnt/.m2/repository/org/apache/maven/surefire/surefire-shared-utils/3.0.0-M4/surefire-shared-utils-3.0.0-M4.jar:/Users/johnt/.m2/repository/org/apache/maven/surefire/surefire-extensions-spi/3.0.0-M5/surefire-extensions-spi-3.0.0-M5.jar:/Users/johnt/Documents/Summer 2024/CSE 344/hw6/project/target/test-classes:/Users/johnt/Documents/Summer 2024/CSE 344/hw6/project/target/classes:/Users/johnt/.m2/repository/junit/junit/4.13/junit-4.13.jar:/Users/johnt/.m2/repository/org/hamcrest/hamcrest-core/1.3/hamcrest-core-1.3.jar:/Users/johnt/.m2/repository/com/microsoft/sqlserver/mssql-jdbc/9.2.1.jre11/mssql-jdbc-9.2.1.jre11.jar:/Users/johnt/.m2/repository/org/mybatis/mybatis/3.5.7/mybatis-3.5.7.jar:/Users/johnt/.m2/repository/commons-io/commons-io/2.8.0/commons-io-2.8.0.jar:/Users/johnt/Documents/Summer 2024/CSE 344/hw6/project/distributed.jar:/Users/johnt/.m2/repository/org/apache/maven/surefire/surefire-junit4/3.0.0-M5/surefire-junit4-3.0.0-M5.jar:/Users/johnt/.m2/repository/org/apache/maven/surefire/common-java5/3.0.0-M5/common-java5-3.0.0-M5.jar:/Users/johnt/.m2/repository/org/apache/maven/surefire/common-junit3/3.0.0-M5/common-junit3-3.0.0-M5.jar:/Users/johnt/.m2/repository/org/apache/maven/surefire/common-junit4/3.0.0-M5/common-junit4-3.0.0-M5.jar"/>
    <property name="java.vm.vendor" value="Homebrew"/>
    <property name="sun.arch.data.model" value="64"/>
    <property name="java.vendor.url" value="https://github.com/Homebrew/homebrew-core/issues"/>
    <property name="os.name" value="Mac OS X"/>
    <property name="java.vm.specification.version" value="22"/>
    <property name="sun.java.launcher" value="SUN_STANDARD"/>
    <property name="user.country" value="US"/>
    <property name="sun.boot.library.path" value="/opt/homebrew/Cellar/openjdk/22.0.2/libexec/openjdk.jdk/Contents/Home/lib"/>
    <property name="sun.java.command" value="org.apache.maven.surefire.booter.ForkedBooter /Users/johnt/Documents/Summer 2024/CSE 344/hw6/project/target/surefire 2024-08-14T17-46-39_101-jvmRun1 surefire12510027982152806381tmp surefire_010221971123802111138tmp"/>
    <property name="http.nonProxyHosts" value="local|*.local|169.254/16|*.169.254/16"/>
    <property name="jdk.debug" value="release"/>
    <property name="surefire.test.class.path" value="/Users/johnt/Documents/Summer 2024/CSE 344/hw6/project/target/test-classes:/Users/johnt/Documents/Summer 2024/CSE 344/hw6/project/target/classes:/Users/johnt/.m2/repository/junit/junit/4.13/junit-4.13.jar:/Users/johnt/.m2/repository/org/hamcrest/hamcrest-core/1.3/hamcrest-core-1.3.jar:/Users/johnt/.m2/repository/com/microsoft/sqlserver/mssql-jdbc/9.2.1.jre11/mssql-jdbc-9.2.1.jre11.jar:/Users/johnt/.m2/repository/org/mybatis/mybatis/3.5.7/mybatis-3.5.7.jar:/Users/johnt/.m2/repository/commons-io/commons-io/2.8.0/commons-io-2.8.0.jar:/Users/johnt/Documents/Summer 2024/CSE 344/hw6/project/distributed.jar:"/>
    <property name="sun.cpu.endian" value="little"/>
    <property name="user.home" value="/Users/johnt"/>
    <property name="user.language" value="en"/>
    <property name="java.specification.vendor" value="Oracle Corporation"/>
    <property name="java.version.date" value="2024-07-16"/>
    <property name="java.home" value="/opt/homebrew/Cellar/openjdk/22.0.2/libexec/openjdk.jdk/Contents/Home"/>
    <property name="file.separator" value="/"/>
    <property name="basedir" value="/Users/johnt/Documents/Summer 2024/CSE 344/hw6/project"/>
    <property name="java.vm.compressedOopsMode" value="Zero based"/>
    <property name="line.separator" value="&#10;"/>
    <property name="java.vm.specification.vendor" value="Oracle Corporation"/>
    <property name="java.specification.name" value="Java Platform API Specification"/>
    <property name="apple.awt.application.name" value="ForkedBooter"/>
    <property name="sun.management.compiler" value="HotSpot 64-Bit Tiered Compilers"/>
    <property name="ftp.nonProxyHosts" value="local|*.local|169.254/16|*.169.254/16"/>
    <property name="java.runtime.version" value="22.0.2"/>
    <property name="user.name" value="johnt"/>
    <property name="stdout.encoding" value="UTF-8"/>
    <property name="path.separator" value=":"/>
    <property name="os.version" value="14.5"/>
    <property name="java.runtime.name" value="OpenJDK Runtime Environment"/>
    <property name="file.encoding" value="UTF-8"/>
    <property name="java.vm.name" value="OpenJDK 64-Bit Server VM"/>
    <property name="java.vendor.version" value="Homebrew"/>
    <property name="localRepository" value="/Users/johnt/.m2/repository"/>
    <property name="java.vendor.url.bug" value="https://github.com/Homebrew/homebrew-core/issues"/>
    <property name="java.io.tmpdir" value="/var/folders/1v/43rfmkwx4c39m5ny5lymwr6c0000gn/T/"/>
    <property name="java.version" value="22.0.2"/>
    <property name="user.dir" value="/Users/johnt/Documents/Summer 2024/CSE 344/hw6/project"/>
    <property name="os.arch" value="aarch64"/>
    <property name="java.vm.specification.name" value="Java Virtual Machine Specification"/>
    <property name="native.encoding" value="UTF-8"/>
    <property name="java.library.path" value="/Users/johnt/Library/Java/Extensions:/Library/Java/Extensions:/Network/Library/Java/Extensions:/System/Library/Java/Extensions:/usr/lib/java:."/>
    <property name="java.vm.info" value="mixed mode, sharing"/>
    <property name="stderr.encoding" value="UTF-8"/>
    <property name="java.vendor" value="Homebrew"/>
    <property name="java.vm.version" value="22.0.2"/>
    <property name="sun.io.unicode.encoding" value="UnicodeBig"/>
    <property name="socksNonProxyHosts" value="local|*.local|169.254/16|*.169.254/16"/>
    <property name="java.class.version" value="66.0"/>
  </properties>
  <testcase name="runTest[0]" classname="flightapp.FlightServiceTest" time="7.391">
    <system-out><![CDATA[Running test setup...
... using dbconn.properties for test credentials
... resetting database (ie, dropping all tables with suffix: jlu29)
... running createTables.sql

Starting tests
Running test file: /Users/johnt/Documents/Summer 2024/CSE 344/hw6/project/cases/transaction/reservations/reservations_SameUserPaid.test.txt
deadlock
deadlock
]]></system-out>
  </testcase>
  <testcase name="runTest[1]" classname="flightapp.FlightServiceTest" time="3.885">
    <system-out><![CDATA[Running test file: /Users/johnt/Documents/Summer 2024/CSE 344/hw6/project/cases/transaction/pay/pay_sameUser.test.txt
deadlock
]]></system-out>
  </testcase>
  <testcase name="runTest[2]" classname="flightapp.FlightServiceTest" time="2.855">
    <system-out><![CDATA[Running test file: /Users/johnt/Documents/Summer 2024/CSE 344/hw6/project/cases/transaction/pay/pay_wrongUser.test.txt
deadlock
]]></system-out>
  </testcase>
  <testcase name="runTest[3]" classname="flightapp.FlightServiceTest" time="4.704">
    <system-out><![CDATA[Running test file: /Users/johnt/Documents/Summer 2024/CSE 344/hw6/project/cases/transaction/search/search_differentUsersSameQuery.test.txt
deadlock
]]></system-out>
  </testcase>
  <testcase name="runTest[4]" classname="flightapp.FlightServiceTest" time="3.272">
    <system-out><![CDATA[Running test file: /Users/johnt/Documents/Summer 2024/CSE 344/hw6/project/cases/transaction/book/book_withoutSearch.test.txt
deadlock
]]></system-out>
  </testcase>
  <testcase name="runTest[5]" classname="flightapp.FlightServiceTest" time="7.146">
    <system-out><![CDATA[Running test file: /Users/johnt/Documents/Summer 2024/CSE 344/hw6/project/cases/transaction/book/book_2Users2Flights.test.txt
deadlock
]]></system-out>
  </testcase>
  <testcase name="runTest[6]" classname="flightapp.FlightServiceTest" time="6.106">
    <system-out><![CDATA[Running test file: /Users/johnt/Documents/Summer 2024/CSE 344/hw6/project/cases/transaction/book/book_2Users1FlightNoCapacity.test.txt
deadlock
]]></system-out>
  </testcase>
  <testcase name="runTest[7]" classname="flightapp.FlightServiceTest" time="5.269">
    <system-out><![CDATA[Running test file: /Users/johnt/Documents/Summer 2024/CSE 344/hw6/project/cases/transaction/book/book_2Users1Flight.test.txt
deadlock
]]></system-out>
  </testcase>
  <testcase name="runTest[8]" classname="flightapp.FlightServiceTest" time="7.785">
    <system-out><![CDATA[Running test file: /Users/johnt/Documents/Summer 2024/CSE 344/hw6/project/cases/transaction/book/book_1User1FlightTwice.test.txt
deadlock
deadlock
]]></system-out>
  </testcase>
  <testcase name="runTest[9]" classname="flightapp.FlightServiceTest" time="2.545">
    <system-out><![CDATA[Running test file: /Users/johnt/Documents/Summer 2024/CSE 344/hw6/project/cases/transaction/create/create_2UsersSameName.test.txt
deadlock
]]></system-out>
  </testcase>
  <testcase name="runTest[10]" classname="flightapp.FlightServiceTest" time="1.332">
    <system-out><![CDATA[Running test file: /Users/johnt/Documents/Summer 2024/CSE 344/hw6/project/cases/transaction/create/create_2UsersDifferentName.test.txt
deadlock
]]></system-out>
  </testcase>
  <testcase name="runTest[11]" classname="flightapp.FlightServiceTest" time="1.772">
    <system-out><![CDATA[Running test file: /Users/johnt/Documents/Summer 2024/CSE 344/hw6/project/cases/transaction/login/login_differentUsers.test.txt
deadlock
]]></system-out>
  </testcase>
  <testcase name="runTest[12]" classname="flightapp.FlightServiceTest" time="1.067">
    <system-out><![CDATA[Running test file: /Users/johnt/Documents/Summer 2024/CSE 344/hw6/project/cases/transaction/login/login_sameUsers.test.txt
deadlock
]]></system-out>
  </testcase>
  <testcase name="runTest[13]" classname="flightapp.FlightServiceTest" time="0.815">
    <system-out><![CDATA[Running test file: /Users/johnt/Documents/Summer 2024/CSE 344/hw6/project/cases/transaction/login/login_loginAndCreate.test.txt
]]></system-out>
  </testcase>
  <testcase name="runTest[14]" classname="flightapp.FlightServiceTest" time="1.998">
    <system-out><![CDATA[Running test file: /Users/johnt/Documents/Summer 2024/CSE 344/hw6/project/cases/transaction/login/login_createUserInOtherSession.test.txt
deadlock
]]></system-out>
  </testcase>
  <testcase name="runTest[15]" classname="flightapp.FlightServiceTest" time="2.689">
    <system-out><![CDATA[Running test file: /Users/johnt/Documents/Summer 2024/CSE 344/hw6/project/cases/no_transaction/reservations/reservations_same_day.test.txt
]]></system-out>
  </testcase>
  <testcase name="runTest[16]" classname="flightapp.FlightServiceTest" time="4.441">
    <system-out><![CDATA[Running test file: /Users/johnt/Documents/Summer 2024/CSE 344/hw6/project/cases/no_transaction/reservations/reservations_multiple.test.txt
]]></system-out>
  </testcase>
  <testcase name="runTest[17]" classname="flightapp.FlightServiceTest" time="0.495">
    <system-out><![CDATA[Running test file: /Users/johnt/Documents/Summer 2024/CSE 344/hw6/project/cases/no_transaction/reservations/reservations_userNotLoggedIn.test.txt
]]></system-out>
  </testcase>
  <testcase name="runTest[18]" classname="flightapp.FlightServiceTest" time="2.25">
    <system-out><![CDATA[Running test file: /Users/johnt/Documents/Summer 2024/CSE 344/hw6/project/cases/no_transaction/reservations/reservations_basic.test.txt
]]></system-out>
  </testcase>
  <testcase name="runTest[19]" classname="flightapp.FlightServiceTest" time="2.228">
    <system-out><![CDATA[Running test file: /Users/johnt/Documents/Summer 2024/CSE 344/hw6/project/cases/no_transaction/pay/pay_negative.test.txt
]]></system-out>
  </testcase>
  <testcase name="runTest[20]" classname="flightapp.FlightServiceTest" time="3.214">
    <system-out><![CDATA[Running test file: /Users/johnt/Documents/Summer 2024/CSE 344/hw6/project/cases/no_transaction/pay/pay_already.test.txt
]]></system-out>
  </testcase>
  <testcase name="runTest[21]" classname="flightapp.FlightServiceTest" time="2.87">
    <system-out><![CDATA[Running test file: /Users/johnt/Documents/Summer 2024/CSE 344/hw6/project/cases/no_transaction/pay/pay_insufficient.test.txt
]]></system-out>
  </testcase>
  <testcase name="runTest[22]" classname="flightapp.FlightServiceTest" time="5.723">
    <system-out><![CDATA[Running test file: /Users/johnt/Documents/Summer 2024/CSE 344/hw6/project/cases/no_transaction/pay/pay_indirectFlightsItinerary.test.txt
]]></system-out>
  </testcase>
  <testcase name="runTest[23]" classname="flightapp.FlightServiceTest" time="2.731">
    <system-out><![CDATA[Running test file: /Users/johnt/Documents/Summer 2024/CSE 344/hw6/project/cases/no_transaction/pay/pay_basic.test.txt
]]></system-out>
  </testcase>
  <testcase name="runTest[24]" classname="flightapp.FlightServiceTest" time="1.632">
    <system-out><![CDATA[Running test file: /Users/johnt/Documents/Summer 2024/CSE 344/hw6/project/cases/no_transaction/search/search_lessThanN.test.txt
]]></system-out>
  </testcase>
  <testcase name="runTest[25]" classname="flightapp.FlightServiceTest" time="4.813">
    <system-out><![CDATA[Running test file: /Users/johnt/Documents/Summer 2024/CSE 344/hw6/project/cases/no_transaction/search/search_topk.test.txt
]]></system-out>
  </testcase>
  <testcase name="runTest[26]" classname="flightapp.FlightServiceTest" time="1.719">
    <system-out><![CDATA[Running test file: /Users/johnt/Documents/Summer 2024/CSE 344/hw6/project/cases/no_transaction/search/search_noValid.test.txt
]]></system-out>
  </testcase>
  <testcase name="runTest[27]" classname="flightapp.FlightServiceTest" time="1.865">
    <system-out><![CDATA[Running test file: /Users/johnt/Documents/Summer 2024/CSE 344/hw6/project/cases/no_transaction/search/search_indirect.test.txt
]]></system-out>
  </testcase>
  <testcase name="runTest[28]" classname="flightapp.FlightServiceTest" time="1.931">
    <system-out><![CDATA[Running test file: /Users/johnt/Documents/Summer 2024/CSE 344/hw6/project/cases/no_transaction/search/search_topk_direct.test.txt
]]></system-out>
  </testcase>
  <testcase name="runTest[29]" classname="flightapp.FlightServiceTest" time="2.063">
    <system-out><![CDATA[Running test file: /Users/johnt/Documents/Summer 2024/CSE 344/hw6/project/cases/no_transaction/search/search_basic.test.txt
]]></system-out>
  </testcase>
  <testcase name="runTest[30]" classname="flightapp.FlightServiceTest" time="2.172">
    <system-out><![CDATA[Running test file: /Users/johnt/Documents/Summer 2024/CSE 344/hw6/project/cases/no_transaction/book/book_withoutLogIn.test.txt
]]></system-out>
  </testcase>
  <testcase name="runTest[31]" classname="flightapp.FlightServiceTest" time="2.227">
    <system-out><![CDATA[Running test file: /Users/johnt/Documents/Summer 2024/CSE 344/hw6/project/cases/no_transaction/book/book_basic.test.txt
]]></system-out>
  </testcase>
  <testcase name="runTest[32]" classname="flightapp.FlightServiceTest" time="2.245">
    <system-out><![CDATA[Running test file: /Users/johnt/Documents/Summer 2024/CSE 344/hw6/project/cases/no_transaction/book/book_multiple.test.txt
]]></system-out>
  </testcase>
  <testcase name="runTest[33]" classname="flightapp.FlightServiceTest" time="0.627">
    <system-out><![CDATA[Running test file: /Users/johnt/Documents/Summer 2024/CSE 344/hw6/project/cases/no_transaction/create/create_negativeBalance.test.txt
]]></system-out>
  </testcase>
  <testcase name="runTest[34]" classname="flightapp.FlightServiceTest" time="0.608">
    <system-out><![CDATA[Running test file: /Users/johnt/Documents/Summer 2024/CSE 344/hw6/project/cases/no_transaction/create/create_basic.test.txt
]]></system-out>
  </testcase>
  <testcase name="runTest[35]" classname="flightapp.FlightServiceTest" time="0.721">
    <system-out><![CDATA[Running test file: /Users/johnt/Documents/Summer 2024/CSE 344/hw6/project/cases/no_transaction/create/create_existingUser.test.txt
]]></system-out>
  </testcase>
  <testcase name="runTest[36]" classname="flightapp.FlightServiceTest" time="0.772">
    <system-out><![CDATA[Running test file: /Users/johnt/Documents/Summer 2024/CSE 344/hw6/project/cases/no_transaction/login/login_success.test.txt
]]></system-out>
  </testcase>
  <testcase name="runTest[37]" classname="flightapp.FlightServiceTest" time="0.698">
    <system-out><![CDATA[Running test file: /Users/johnt/Documents/Summer 2024/CSE 344/hw6/project/cases/no_transaction/login/login_nonexistingUsername.test.txt
]]></system-out>
  </testcase>
  <testcase name="runTest[38]" classname="flightapp.FlightServiceTest" time="0.971">
    <system-out><![CDATA[Running test file: /Users/johnt/Documents/Summer 2024/CSE 344/hw6/project/cases/no_transaction/login/login_already.test.txt
]]></system-out>
  </testcase>
  <testcase name="runTest[39]" classname="flightapp.FlightServiceTest" time="0.772">
    <system-out><![CDATA[Running test file: /Users/johnt/Documents/Summer 2024/CSE 344/hw6/project/cases/no_transaction/login/login_wrongPassword.test.txt
]]></system-out>
  </testcase>
  <testcase name="runTest[40]" classname="flightapp.FlightServiceTest" time="0.773">
    <system-out><![CDATA[Running test file: /Users/johnt/Documents/Summer 2024/CSE 344/hw6/project/cases/no_transaction/login/login_single.test.txt
]]></system-out>
  </testcase>
</testsuite>